Started reading 'matrices/rgg_n_2_20_s0.mtx'
Finished reading 'matrices/rgg_n_2_20_s0.mtx' (1048576 rows, 1048576 columns, 13783240 nonzeros) [1.62 secs]

Starting bfs from vertex 4
Performed 686 breadth first search iterations from vertex 4 [4.218 secs] [1 thread(s)]
Breakdown:
    dense_vector_nzs()   - [0.411 secs]
    dense_vector_apply() - [2.517 secs]
    spmv()               - [1.289 secs]

1048572/1048576 vertices reachable from vertex 4

Starting bfs from vertex 4
Performed 686 breadth first search iterations from vertex 4 [4.558 secs] [1 thread(s)]
Breakdown:
    dense_vector_nzs()   - [0.460 secs]
    dense_vector_apply() - [2.682 secs]
    spmv()               - [1.415 secs]

1048572/1048576 vertices reachable from vertex 4

Starting bfs from vertex 4
Performed 686 breadth first search iterations from vertex 4 [4.305 secs] [1 thread(s)]
Breakdown:
    dense_vector_nzs()   - [0.421 secs]
    dense_vector_apply() - [2.558 secs]
    spmv()               - [1.325 secs]

1048572/1048576 vertices reachable from vertex 4

Starting bfs from vertex 8
Performed 808 breadth first search iterations from vertex 8 [4.857 secs] [1 thread(s)]
Breakdown:
    dense_vector_nzs()   - [0.471 secs]
    dense_vector_apply() - [2.900 secs]
    spmv()               - [1.485 secs]

1048572/1048576 vertices reachable from vertex 8

Starting bfs from vertex 8
Performed 808 breadth first search iterations from vertex 8 [5.000 secs] [1 thread(s)]
Breakdown:
    dense_vector_nzs()   - [0.504 secs]
    dense_vector_apply() - [2.963 secs]
    spmv()               - [1.532 secs]

1048572/1048576 vertices reachable from vertex 8

Starting bfs from vertex 8
Performed 808 breadth first search iterations from vertex 8 [5.008 secs] [1 thread(s)]
Breakdown:
    dense_vector_nzs()   - [0.508 secs]
    dense_vector_apply() - [2.972 secs]
    spmv()               - [1.527 secs]

1048572/1048576 vertices reachable from vertex 8

Starting bfs from vertex 16
Performed 828 breadth first search iterations from vertex 16 [5.189 secs] [1 thread(s)]
Breakdown:
    dense_vector_nzs()   - [0.525 secs]
    dense_vector_apply() - [3.079 secs]
    spmv()               - [1.584 secs]

1048572/1048576 vertices reachable from vertex 16

Starting bfs from vertex 16
Performed 828 breadth first search iterations from vertex 16 [5.200 secs] [1 thread(s)]
Breakdown:
    dense_vector_nzs()   - [0.528 secs]
    dense_vector_apply() - [3.087 secs]
    spmv()               - [1.584 secs]

1048572/1048576 vertices reachable from vertex 16

Starting bfs from vertex 16
Performed 828 breadth first search iterations from vertex 16 [5.247 secs] [1 thread(s)]
Breakdown:
    dense_vector_nzs()   - [0.534 secs]
    dense_vector_apply() - [3.111 secs]
    spmv()               - [1.601 secs]

1048572/1048576 vertices reachable from vertex 16

